==1007628== NVPROF is profiling process 1007628, command: ./test -m 64 -b 8 -n 10 -s 0 -o 1
==1007628== Profiling application: ./test -m 64 -b 8 -n 10 -s 0 -o 1
==1007628== Profiling result:
            Type  Time(%)      Time     Calls       Avg       Min       Max  Name
 GPU activities:   33.54%  2.0687ms       560  3.6940us  3.6470us  4.3520us  void gemmSN_NN_kernel<float, int=256, int=4, int=2, int=8, int=4, int=4, bool=0, cublasGemvTensorStridedBatched<float const >, cublasGemvTensorStridedBatched<float const >, cublasGemvTensorStridedBatched<float>>(cublasGemmSmallNParams<float const , cublasGemvTensorStridedBatched<float const >, cublasGemvTensorStridedBatched<float const >, float>)
                   12.53%  772.51us        80  9.6560us  9.6000us  9.8880us  void trsm_ln_up_kernel<float, unsigned int=32, unsigned int=32, unsigned int=4, bool=0>(int, int, float const *, int, float*, int, float, float const *, int, int*)
                    9.91%  611.26us        80  7.6400us  7.5830us  7.9360us  void trsm_ln_kernel<float, unsigned int=32, unsigned int=32, unsigned int=4, bool=1>(int, int, float const *, int, float*, int, float, float const *, int, int*)
                    6.81%  419.74us        80  5.2460us  5.1830us  5.5360us  void getrf_square_cta<float, int=32>(int, int, float*, int, int*, int, double, float)
                    6.08%  375.10us       160  2.3440us  2.2400us  2.8160us  [CUDA memcpy DtoD]
                    5.33%  328.70us       140  2.3470us  2.3040us  2.4320us  matrixScaleKernel(float*, float, float*, int)
                    3.11%  191.74us        80  2.3960us  2.3360us  2.7520us  getrf_alg1_reset_info(int*)
                    2.91%  179.65us        80  2.2450us  2.1750us  2.4640us  dtrsv_init_up(int*, int)
                    2.91%  179.49us        80  2.2430us  2.2080us  2.3680us  dtrsv_init(int*)
                    2.91%  179.36us        80  2.2410us  2.1750us  2.5280us  getrf_alg1_set_info(int, int, int*)
                    2.89%  178.53us        80  2.2310us  2.1760us  2.5280us  copy_info_kernel(int, int*)
                    2.69%  165.82us        70  2.3680us  2.3050us  2.6560us  matrixAddKernel(float*, float*, float*, int)
                    2.69%  165.69us        70  2.3670us  2.3040us  2.7520us  matrixSubtractKernel(float*, float*, float*, int)
                    2.33%  143.77us       140  1.0260us     927ns  1.5040us  [CUDA memcpy HtoD]
                    2.19%  135.23us       140     965ns     927ns  1.2800us  [CUDA memset]
                    1.17%  72.416us        60  1.2060us  1.1830us  1.5360us  [CUDA memcpy DtoH]
      API calls:   90.04%  826.76ms       971  851.45us     620ns  409.18ms  cudaFree
                    7.57%  69.513ms        30  2.3171ms  3.0000us  69.414ms  cudaStreamCreateWithFlags
                    0.88%  8.0702ms       910  8.8680us  2.6200us  186.35us  cudaMalloc
                    0.75%  6.8971ms      1480  4.6600us  3.9600us  12.910us  cudaLaunchKernel
                    0.30%  2.7795ms       360  7.7200us  3.9900us  20.680us  cudaMemcpy
                    0.06%  588.04us       900     653ns     480ns  9.6400us  cudaEventCreateWithFlags
                    0.06%  534.30us       395  1.3520us     150ns  62.400us  cuDeviceGetAttribute
                    0.05%  498.15us       930     535ns     450ns  2.8100us  cudaEventDestroy
                    0.05%  490.86us       140  3.5060us  2.7000us  6.4700us  cudaMemset
                    0.04%  406.02us       560     725ns     580ns  9.7500us  cudaOccupancyMaxActiveBlocksPerMultiprocessorWithFlags
                    0.03%  288.66us      1129     255ns     150ns  1.0400us  cuGetProcAddress
                    0.03%  276.55us       200  1.3820us     980ns  5.0900us  cudaDeviceSynchronize
                    0.02%  224.38us      1040     215ns     180ns  4.6400us  cudaGetLastError
                    0.02%  199.57us       160  1.2470us     910ns  2.5100us  cudaEventRecord
                    0.02%  191.42us       320     598ns     450ns  12.350us  cudaStreamGetCaptureInfo
                    0.02%  161.52us       160  1.0090us     720ns  2.3000us  cudaEventQuery
                    0.01%  102.19us        30  3.4060us  2.8300us  5.4600us  cudaStreamDestroy
                    0.01%  83.360us         4  20.840us  18.660us  22.750us  cuDeviceGetName
                    0.01%  46.620us       114     408ns     340ns  1.6300us  cudaDeviceGetAttribute
                    0.00%  44.950us        62     725ns     430ns  4.4500us  cudaGetDevice
                    0.00%  26.930us        30     897ns     730ns  2.6600us  cudaEventCreate
                    0.00%  19.350us         1  19.350us  19.350us  19.350us  cuDeviceGetPCIBusId
                    0.00%  5.8000us         3  1.9330us  1.7600us  2.2300us  cuInit
                    0.00%  2.5200us         6     420ns     330ns     610ns  cuDeviceGetCount
                    0.00%  1.4900us         1  1.4900us  1.4900us  1.4900us  cudaGetSymbolAddress
                    0.00%  1.4600us         4     365ns     320ns     420ns  cuDeviceTotalMem
                    0.00%  1.3700us         5     274ns     160ns     610ns  cuDeviceGet
                    0.00%     940ns         4     235ns     210ns     300ns  cuDeviceGetUuid
                    0.00%     570ns         3     190ns     190ns     190ns  cuDriverGetVersion
                    0.00%     340ns         2     170ns     170ns     170ns  cuModuleGetLoadingMode
