==1009675== NVPROF is profiling process 1009675, command: ./test -m 64 -b 8 -n 10 -s 0 -o 1
==1009675== Profiling application: ./test -m 64 -b 8 -n 10 -s 0 -o 1
==1009675== Profiling result:
            Type  Time(%)      Time     Calls       Avg       Min       Max  Name
 GPU activities:   34.19%  1.1990ms       320  3.7460us  3.6480us  4.4480us  void gemmSN_NN_kernel<float, int=256, int=4, int=2, int=8, int=4, int=4, bool=0, cublasGemvTensorStridedBatched<float const >, cublasGemvTensorStridedBatched<float const >, cublasGemvTensorStridedBatched<float>>(cublasGemmSmallNParams<float const , cublasGemvTensorStridedBatched<float const >, cublasGemvTensorStridedBatched<float const >, float>)
                   13.90%  487.52us        50  9.7500us  9.6320us  9.9840us  void trsm_ln_up_kernel<float, unsigned int=32, unsigned int=32, unsigned int=4, bool=0>(int, int, float const *, int, float*, int, float, float const *, int, int*)
                   10.97%  384.54us        50  7.6900us  7.5830us  8.0000us  void trsm_ln_kernel<float, unsigned int=32, unsigned int=32, unsigned int=4, bool=1>(int, int, float const *, int, float*, int, float, float const *, int, int*)
                    7.57%  265.40us        50  5.3080us  5.1840us  5.5360us  void getrf_square_cta<float, int=32>(int, int, float*, int, int*, int, double, float)
                    4.20%  147.33us        60  2.4550us  2.3040us  2.5920us  matrixScaleKernel(float*, float, float*, int)
                    3.59%  125.83us        50  2.5160us  2.3360us  2.6560us  matrixSubtractKernel(float*, float*, float*, int)
                    3.43%  120.19us        50  2.4030us  2.3360us  2.7520us  getrf_alg1_reset_info(int*)
                    3.31%  115.97us        50  2.3190us  2.2720us  2.5920us  [CUDA memcpy DtoD]
                    3.30%  115.59us        50  2.3110us  2.1760us  2.6560us  getrf_alg1_set_info(int, int, int*)
                    3.20%  112.10us        50  2.2410us  2.1760us  2.5920us  dtrsv_init_up(int*, int)
                    3.19%  111.90us        50  2.2380us  2.1760us  2.3360us  dtrsv_init(int*)
                    3.16%  110.97us        50  2.2190us  2.1760us  2.5280us  copy_info_kernel(int, int*)
                    2.59%  90.658us        90  1.0070us     928ns  1.4080us  [CUDA memcpy HtoD]
                    2.03%  71.323us        30  2.3770us  2.3350us  2.4320us  matrixAddKernel(float*, float*, float*, int)
                    1.37%  48.129us        40  1.2030us  1.1200us  1.6320us  [CUDA memcpy DtoH]
      API calls:   87.68%  695.03ms       541  1.2847ms     640ns  400.53ms  cudaFree
                    8.70%  68.973ms        30  2.2991ms  3.3700us  68.860ms  cudaStreamCreateWithFlags
                    1.41%  11.173ms       180  62.074us  4.1300us  188.76us  cudaMemcpy
                    1.25%  9.9291ms       480  20.685us  2.7300us  197.20us  cudaMalloc
                    0.53%  4.2163ms       860  4.9020us  4.1100us  19.021us  cudaLaunchKernel
                    0.08%  605.61us       900     672ns     480ns  12.230us  cudaEventCreateWithFlags
                    0.07%  573.04us       395  1.4500us     140ns  70.351us  cuDeviceGetAttribute
                    0.06%  501.84us       930     539ns     440ns  2.9100us  cudaEventDestroy
                    0.04%  306.95us       200  1.5340us  1.0000us  3.0600us  cudaDeviceSynchronize
                    0.04%  292.36us      1129     258ns     150ns  1.1400us  cuGetProcAddress
                    0.03%  247.50us       320     773ns     600ns  6.9600us  cudaOccupancyMaxActiveBlocksPerMultiprocessorWithFlags
                    0.02%  141.02us       620     227ns     190ns     420ns  cudaGetLastError
                    0.02%  119.95us       100  1.1990us     850ns  2.9500us  cudaEventRecord
                    0.01%  114.55us       200     572ns     460ns  1.5500us  cudaStreamGetCaptureInfo
                    0.01%  114.05us        30  3.8010us  3.1900us  6.4000us  cudaStreamDestroy
                    0.01%  106.10us       100  1.0610us     730ns  2.3200us  cudaEventQuery
                    0.01%  90.160us         4  22.540us  19.210us  26.260us  cuDeviceGetName
                    0.01%  48.350us       114     424ns     330ns  1.9200us  cudaDeviceGetAttribute
                    0.01%  47.390us        62     764ns     430ns  4.0800us  cudaGetDevice
                    0.00%  26.660us        30     888ns     740ns  2.4400us  cudaEventCreate
                    0.00%  7.0800us         1  7.0800us  7.0800us  7.0800us  cuDeviceGetPCIBusId
                    0.00%  5.6400us         3  1.8800us  1.7800us  2.0000us  cuInit
                    0.00%  3.2200us         6     536ns     320ns     950ns  cuDeviceGetCount
                    0.00%  1.7300us         4     432ns     320ns     680ns  cuDeviceTotalMem
                    0.00%  1.6300us         5     326ns     190ns     760ns  cuDeviceGet
                    0.00%  1.0400us         1  1.0400us  1.0400us  1.0400us  cudaGetSymbolAddress
                    0.00%  1.0200us         4     255ns     210ns     390ns  cuDeviceGetUuid
                    0.00%     580ns         3     193ns     180ns     220ns  cuDriverGetVersion
                    0.00%     350ns         2     175ns     160ns     190ns  cuModuleGetLoadingMode
