==2541172== NVPROF is profiling process 2541172, command: ./test -m 64 -b 8 -n 10 -s 0 -o 1
==2541172== Profiling application: ./test -m 64 -b 8 -n 10 -s 0 -o 1
==2541172== Profiling result:
            Type  Time(%)      Time     Calls       Avg       Min       Max  Name
 GPU activities:   32.98%  1.2028ms       320  3.7580us  3.6470us  4.2880us  void gemmSN_NN_kernel<float, int=256, int=4, int=2, int=8, int=4, int=4, bool=0, cublasGemvTensorStridedBatched<float const >, cublasGemvTensorStridedBatched<float const >, cublasGemvTensorStridedBatched<float>>(cublasGemmSmallNParams<float const , cublasGemvTensorStridedBatched<float const >, cublasGemvTensorStridedBatched<float const >, float>)
                   13.55%  494.27us        50  9.8850us  9.6640us  11.328us  void trsm_ln_up_kernel<float, unsigned int=32, unsigned int=32, unsigned int=4, bool=0>(int, int, float const *, int, float*, int, float, float const *, int, int*)
                   10.58%  386.01us        50  7.7200us  7.6150us  9.2800us  void trsm_ln_kernel<float, unsigned int=32, unsigned int=32, unsigned int=4, bool=1>(int, int, float const *, int, float*, int, float, float const *, int, int*)
                    7.24%  264.12us        50  5.2820us  5.2470us  5.6000us  void getrf_square_cta<float, int=32>(int, int, float*, int, int*, int, double, float)
                    6.56%  239.20us       100  2.3910us  2.3030us  3.9360us  [CUDA memcpy DtoD]
                    4.02%  146.60us        60  2.4430us  2.3040us  3.0400us  matrixScaleKernel(float*, float, float*, int)
                    3.47%  126.50us        50  2.5290us  2.3350us  2.7840us  matrixSubtractKernel(float*, float*, float*, int)
                    3.29%  119.93us        50  2.3980us  2.3350us  2.6240us  getrf_alg1_reset_info(int*)
                    3.17%  115.71us        50  2.3140us  2.2080us  2.6240us  getrf_alg1_set_info(int, int, int*)
                    3.10%  113.12us        50  2.2620us  2.1750us  3.8720us  dtrsv_init_up(int*, int)
                    3.09%  112.83us        50  2.2560us  2.2070us  2.5280us  dtrsv_init(int*)
                    3.06%  111.61us        50  2.2320us  2.1750us  2.5920us  copy_info_kernel(int, int*)
                    2.51%  91.679us        90  1.0180us     959ns  1.4400us  [CUDA memcpy HtoD]
                    1.99%  72.609us        30  2.4200us  2.3360us  2.6880us  matrixAddKernel(float*, float*, float*, int)
                    1.37%  50.015us        40  1.2500us  1.1520us  2.0480us  [CUDA memcpy DtoH]
      API calls:   87.98%  810.61ms       381  2.1276ms     630ns  427.38ms  cudaFree
                    8.78%  80.910ms        30  2.6970ms  3.3300us  80.798ms  cudaStreamCreateWithFlags
                    1.42%  13.066ms       230  56.810us  3.8200us  268.68us  cudaMemcpy
                    1.02%  9.4385ms       320  29.495us  2.5200us  197.78us  cudaMalloc
                    0.42%  3.8758ms       860  4.5060us  3.8300us  13.620us  cudaLaunchKernel
                    0.07%  689.66us       395  1.7450us     150ns  133.61us  cuDeviceGetAttribute
                    0.06%  590.41us       900     656ns     480ns  13.110us  cudaEventCreateWithFlags
                    0.05%  486.39us       930     523ns     440ns  2.7900us  cudaEventDestroy
                    0.03%  298.25us      1129     264ns     150ns  1.0600us  cuGetProcAddress
                    0.03%  292.85us       200  1.4640us     970ns  3.0100us  cudaDeviceSynchronize
                    0.03%  235.17us       320     734ns     590ns  7.8200us  cudaOccupancyMaxActiveBlocksPerMultiprocessorWithFlags
                    0.01%  133.11us       620     214ns     180ns     330ns  cudaGetLastError
                    0.01%  126.20us         4  31.550us  18.740us  58.920us  cuDeviceGetName
                    0.01%  115.00us        30  3.8330us  3.2500us  6.8500us  cudaStreamDestroy
                    0.01%  113.49us       100  1.1340us     860ns  2.8300us  cudaEventRecord
                    0.01%  109.42us       200     547ns     440ns  1.5600us  cudaStreamGetCaptureInfo
                    0.01%  99.691us       100     996ns     680ns  2.5100us  cudaEventQuery
                    0.01%  62.150us        62  1.0020us     460ns  17.090us  cudaGetDevice
                    0.01%  48.190us       114     422ns     340ns  1.7700us  cudaDeviceGetAttribute
                    0.00%  30.540us        30  1.0180us     740ns  4.8600us  cudaEventCreate
                    0.00%  9.1300us         1  9.1300us  9.1300us  9.1300us  cuDeviceGetPCIBusId
                    0.00%  5.6700us         3  1.8900us  1.6900us  2.1300us  cuInit
                    0.00%  3.4500us         6     575ns     270ns  1.7200us  cuDeviceGetCount
                    0.00%  2.8900us         4     722ns     510ns     910ns  cuDeviceTotalMem
                    0.00%  1.2400us         5     248ns     160ns     570ns  cuDeviceGet
                    0.00%     950ns         1     950ns     950ns     950ns  cudaGetSymbolAddress
                    0.00%     880ns         4     220ns     190ns     290ns  cuDeviceGetUuid
                    0.00%     610ns         3     203ns     200ns     210ns  cuDriverGetVersion
                    0.00%     350ns         2     175ns     170ns     180ns  cuModuleGetLoadingMode
